# JRE version: OpenJDK Runtime Environment Microsoft-8035246 (17.0.8+7) (build 17.0.8+7-LTS)
# Java VM: OpenJDK 64-Bit Server VM Microsoft-8035246 (17.0.8+7-LTS, mixed mode, sharing, tiered, compressed oops, compressed class ptrs, g1 gc, windows-amd64)
GC Precious Log:
 CPUs: 8 total, 8 available
 Memory: 20245M
 Large Page Support: Disabled
 NUMA Support: Disabled
 Compressed Oops: Enabled (32-bit)
 Heap Region Size: 1M
 Heap Min Capacity: 8M
 Heap Initial Capacity: 318M
 Heap Max Capacity: 2G
 Pre-touch: Disabled
 Parallel Workers: 8
 Concurrent Workers: 2
 Concurrent Refinement Workers: 8
 Periodic GC: Disabled
Heap:
 garbage-first heap   total 420864K, used 212760K [0x0000000080000000, 0x0000000100000000)
  region size 1024K, 27 young (27648K), 8 survivors (8192K)
 Metaspace       used 105566K, committed 106752K, reserved 557056K
  class space    used 14733K, committed 15296K, reserved 425984K
GC Heap History (20 events):
Event: 17.547 GC heap before
{Heap before GC invocations=20 (full 0):
 garbage-first heap   total 147456K, used 76526K [0x0000000080000000, 0x0000000100000000)
  region size 1024K, 7 young (7168K), 5 survivors (5120K)
 Metaspace       used 67618K, committed 68288K, reserved 491520K
  class space    used 9677K, committed 9984K, reserved 425984K
}
Event: 17.552 GC heap after
{Heap after GC invocations=21 (full 0):
 garbage-first heap   total 147456K, used 75356K [0x0000000080000000, 0x0000000100000000)
  region size 1024K, 1 young (1024K), 1 survivors (1024K)
 Metaspace       used 67618K, committed 68288K, reserved 491520K
  class space    used 9677K, committed 9984K, reserved 425984K
}
Event: 17.636 GC heap before
{Heap before GC invocations=21 (full 0):
 garbage-first heap   total 147456K, used 83548K [0x0000000080000000, 0x0000000100000000)
  region size 1024K, 11 young (11264K), 1 survivors (1024K)
 Metaspace       used 67722K, committed 68480K, reserved 491520K
  class space    used 9688K, committed 10048K, reserved 425984K
}
Event: 17.641 GC heap after
{Heap after GC invocations=22 (full 0):
 garbage-first heap   total 147456K, used 76610K [0x0000000080000000, 0x0000000100000000)
  region size 1024K, 3 young (3072K), 3 survivors (3072K)
 Metaspace       used 67722K, committed 68480K, reserved 491520K
  class space    used 9688K, committed 10048K, reserved 425984K
}
Event: 18.313 GC heap before
{Heap before GC invocations=23 (full 0):
 garbage-first heap   total 147456K, used 122690K [0x0000000080000000, 0x0000000100000000)
  region size 1024K, 43 young (44032K), 3 survivors (3072K)
 Metaspace       used 70079K, committed 70912K, reserved 491520K
  class space    used 9981K, committed 10368K, reserved 425984K
}
Event: 18.333 GC heap after
{Heap after GC invocations=24 (full 0):
 garbage-first heap   total 420864K, used 88624K [0x0000000080000000, 0x0000000100000000)
  region size 1024K, 6 young (6144K), 6 survivors (6144K)
 Metaspace       used 70079K, committed 70912K, reserved 491520K
  class space    used 9981K, committed 10368K, reserved 425984K
}
Event: 18.510 GC heap before
{Heap before GC invocations=24 (full 0):
 garbage-first heap   total 420864K, used 102960K [0x0000000080000000, 0x0000000100000000)
  region size 1024K, 20 young (20480K), 6 survivors (6144K)
 Metaspace       used 71537K, committed 72320K, reserved 491520K
  class space    used 10122K, committed 10496K, reserved 425984K
}
Event: 18.515 GC heap after
{Heap after GC invocations=25 (full 0):
 garbage-first heap   total 420864K, used 88140K [0x0000000080000000, 0x0000000100000000)
  region size 1024K, 1 young (1024K), 1 survivors (1024K)
 Metaspace       used 71537K, committed 72320K, reserved 491520K
  class space    used 10122K, committed 10496K, reserved 425984K
}
Event: 20.185 GC heap before
{Heap before GC invocations=25 (full 0):
 garbage-first heap   total 420864K, used 250956K [0x0000000080000000, 0x0000000100000000)
  region size 1024K, 154 young (157696K), 1 survivors (1024K)
 Metaspace       used 82025K, committed 82816K, reserved 557056K
  class space    used 11515K, committed 11904K, reserved 425984K
}
Event: 20.193 GC heap after
{Heap after GC invocations=26 (full 0):
 garbage-first heap   total 420864K, used 98222K [0x0000000080000000, 0x0000000100000000)
  region size 1024K, 11 young (11264K), 11 survivors (11264K)
 Metaspace       used 82025K, committed 82816K, reserved 557056K
  class space    used 11515K, committed 11904K, reserved 425984K
}
Event: 24.629 GC heap before
{Heap before GC invocations=26 (full 0):
 garbage-first heap   total 420864K, used 278446K [0x0000000080000000, 0x0000000100000000)
  region size 1024K, 187 young (191488K), 11 survivors (11264K)
 Metaspace       used 90962K, committed 91840K, reserved 557056K
  class space    used 12915K, committed 13312K, reserved 425984K
}
Event: 24.641 GC heap after
{Heap after GC invocations=27 (full 0):
 garbage-first heap   total 420864K, used 108510K [0x0000000080000000, 0x0000000100000000)
  region size 1024K, 21 young (21504K), 21 survivors (21504K)
 Metaspace       used 90962K, committed 91840K, reserved 557056K
  class space    used 12915K, committed 13312K, reserved 425984K
}
Event: 27.623 GC heap before
{Heap before GC invocations=27 (full 0):
 garbage-first heap   total 420864K, used 302046K [0x0000000080000000, 0x0000000100000000)
  region size 1024K, 200 young (204800K), 21 survivors (21504K)
 Metaspace       used 95671K, committed 96704K, reserved 557056K
  class space    used 13480K, committed 13952K, reserved 425984K
}
Event: 27.665 GC heap after
{Heap after GC invocations=28 (full 0):
 garbage-first heap   total 420864K, used 150216K [0x0000000080000000, 0x0000000100000000)
  region size 1024K, 25 young (25600K), 25 survivors (25600K)
 Metaspace       used 95671K, committed 96704K, reserved 557056K
  class space    used 13480K, committed 13952K, reserved 425984K
}
Event: 30.518 GC heap before
{Heap before GC invocations=28 (full 0):
 garbage-first heap   total 420864K, used 296648K [0x0000000080000000, 0x0000000100000000)
  region size 1024K, 167 young (171008K), 25 survivors (25600K)
 Metaspace       used 100942K, committed 102016K, reserved 557056K
  class space    used 14199K, committed 14720K, reserved 425984K
}
Event: 30.540 GC heap after
{Heap after GC invocations=29 (full 0):
 garbage-first heap   total 420864K, used 171613K [0x0000000080000000, 0x0000000100000000)
  region size 1024K, 19 young (19456K), 19 survivors (19456K)
 Metaspace       used 100942K, committed 102016K, reserved 557056K
  class space    used 14199K, committed 14720K, reserved 425984K
}
Event: 33.128 GC heap before
{Heap before GC invocations=29 (full 0):
 garbage-first heap   total 420864K, used 307805K [0x0000000080000000, 0x0000000100000000)
  region size 1024K, 152 young (155648K), 19 survivors (19456K)
 Metaspace       used 104803K, committed 105920K, reserved 557056K
  class space    used 14640K, committed 15168K, reserved 425984K
}
Event: 33.160 GC heap after
{Heap after GC invocations=30 (full 0):
 garbage-first heap   total 420864K, used 187499K [0x0000000080000000, 0x0000000100000000)
  region size 1024K, 15 young (15360K), 15 survivors (15360K)
 Metaspace       used 104803K, committed 105920K, reserved 557056K
  class space    used 14640K, committed 15168K, reserved 425984K
}
Event: 34.675 GC heap before
{Heap before GC invocations=30 (full 0):
 garbage-first heap   total 420864K, used 315499K [0x0000000080000000, 0x0000000100000000)
  region size 1024K, 141 young (144384K), 15 survivors (15360K)
 Metaspace       used 105558K, committed 106752K, reserved 557056K
  class space    used 14733K, committed 15296K, reserved 425984K
}
Event: 34.693 GC heap after
{Heap after GC invocations=31 (full 0):
 garbage-first heap   total 420864K, used 195352K [0x0000000080000000, 0x0000000100000000)
  region size 1024K, 8 young (8192K), 8 survivors (8192K)
 Metaspace       used 105558K, committed 106752K, reserved 557056K
  class space    used 14733K, committed 15296K, reserved 425984K
}

